2026-04-01T14:27:44Z Agent
2026-04-01T14:27:49Z Bash
2026-04-01T14:27:50Z Glob
2026-04-01T14:27:50Z Glob
2026-04-01T14:27:51Z Read
2026-04-01T14:27:51Z Read
2026-04-01T14:27:53Z Read
2026-04-01T14:27:53Z Read
2026-04-01T14:27:53Z Read
2026-04-01T14:27:57Z Read
2026-04-01T14:28:00Z Bash
2026-04-01T14:30:27Z Bash
2026-04-01T14:30:30Z Bash
2026-04-01T14:30:57Z Bash
2026-04-01T14:31:01Z Bash
2026-04-01T14:31:57Z Write
2026-04-01T14:32:59Z ToolSearch
2026-04-01T14:40:47Z Read
2026-04-01T14:40:51Z Bash
2026-04-01T14:42:23Z Bash
2026-04-01T14:42:30Z Bash
2026-04-01T14:42:37Z Bash
2026-04-01T14:42:47Z Bash
2026-04-01T15:00:03Z Bash
2026-04-01T16:54:06Z Bash
2026-04-01T16:54:18Z Bash
2026-04-01T16:54:24Z Bash
2026-04-01T16:54:33Z Bash
2026-04-01T16:54:54Z Edit
2026-04-01T16:56:15Z Read
2026-04-01T16:56:18Z ToolSearch
2026-04-01T16:56:24Z WebFetch
2026-04-01T16:56:46Z Edit
